<?xml version="1.0" encoding="UTF-8"?>
<testsuite xmlns:xsi="http://www.w3.org/2001/XMLSchema-instance" xsi:noNamespaceSchemaLocation="https://maven.apache.org/surefire/maven-surefire-plugin/xsd/surefire-test-report.xsd" version="3.0.2" name="test.chapter01.UserServiceTest" time="0.042" tests="7" errors="0" skipped="0" failures="0">
  <properties>
[...]
</properties>
  <testcase name="testGetGenderWithAssert" classname="用户信息的测试类" time="0.002"/>
  <testcase name="testGetGender2(String)[1]" classname="用户信息的测试类" time="0.012"/>
  <testcase name="testGetGender2(String)[2]" classname="用户信息的测试类" time="0.002"/>
  <testcase name="testGetGender2(String)[3]" classname="用户信息的测试类" time="0.001"/>
  <testcase name="testGetGenderWithAssert2" classname="用户信息的测试类" time="0.001"/>
  <testcase name="testGetGender" classname="用户信息的测试类" time="0.001">
    <system-out><![CDATA[男
]]></system-out>
  </testcase>
  <testcase name="testGetAge" classname="用户信息的测试类" time="0.001">
    <system-out><![CDATA[25
]]></system-out>
  </testcase>
</testsuite>